<?xml version="1.0" encoding="UTF-8"?>
<!-- Generated by org.testng.reporters.JUnitReportReporter -->
<testsuite hostname="DESKTOP-LIPL2GR" failures="0" tests="2" name="com.helloworld.AppTest" time="0.024" errors="0" timestamp="2024-05-12T19:57:22 IST" skipped="0">
  <testcase classname="com.helloworld.AppTest" name="testlogin1" time="0.021"/>
  <testcase classname="com.helloworld.AppTest" name="testlogin2" time="0.003"/>
</testsuite> <!-- com.helloworld.AppTest -->
